c:\users\m_yan\desktop\мэи\vi семестр\vi - практика\task1_api7\task1_api7\x64\release\task1_api7.pch
c:\users\m_yan\desktop\мэи\vi семестр\vi - практика\task1_api7\task1_api7\x64\release\vc143.pdb
c:\users\m_yan\desktop\мэи\vi семестр\vi - практика\task1_api7\task1_api7\x64\release\pch.obj
c:\users\m_yan\desktop\мэи\vi семестр\vi - практика\task1_api7\task1_api7\x64\release\task1_api7.obj
c:\users\m_yan\desktop\мэи\vi семестр\vi - практика\task1_api7\task1_api7\x64\release\propertiespanel.obj
c:\users\m_yan\desktop\мэи\vi семестр\vi - практика\task1_api7\task1_api7\x64\release\cpropmen.obj
c:\users\m_yan\desktop\мэи\vi семестр\vi - практика\task1_api7\task1_api7\x64\release\abaseevent.obj
c:\users\m_yan\desktop\мэи\vi семестр\vi - практика\task1_api7\x64\release\task1_api7.lib
c:\users\m_yan\desktop\мэи\vi семестр\vi - практика\task1_api7\x64\release\task1_api7.exp
c:\users\m_yan\desktop\мэи\vi семестр\vi - практика\task1_api7\x64\release\task1_api7.rtw
c:\users\m_yan\desktop\мэи\vi семестр\vi - практика\task1_api7\x64\release\task1_api7.pdb
c:\users\m_yan\desktop\мэи\vi семестр\vi - практика\task1_api7\task1_api7\x64\release\task1_api7.res
c:\users\m_yan\source\repos\task1_api7\x64\release\task1_api7.lib
c:\users\m_yan\source\repos\task1_api7\x64\release\task1_api7.exp
c:\users\m_yan\desktop\мэи\vi семестр\vi - практика\task1_api7\task1_api7\x64\release\task1_api7.ipdb
c:\users\m_yan\desktop\мэи\vi семестр\vi - практика\task1_api7\task1_api7\x64\release\task1_api7.iobj
c:\users\m_yan\desktop\мэи\vi семестр\vi - практика\task1_api7\task1_api7\x64\release\arrayutils.obj
c:\users\m_yan\desktop\мэи\vi семестр\vi - практика\task1_api7\task1_api7\x64\release\structs.obj
c:\users\m_yan\desktop\мэи\vi семестр\vi - практика\task1_api7\task1_api7\x64\release\kapi7.tli
c:\users\m_yan\desktop\мэи\vi семестр\vi - практика\task1_api7\task1_api7\x64\release\kapi2d5com.tlh
c:\users\m_yan\desktop\мэи\vi семестр\vi - практика\task1_api7\task1_api7\x64\release\kapi3d5com.tlh
c:\users\m_yan\desktop\мэи\vi семестр\vi - практика\task1_api7\task1_api7\x64\release\kapi7.tlh
c:\users\m_yan\desktop\мэи\vi семестр\vi - практика\task1_api7\task1_api7\x64\release\ksconstants.tlh
c:\users\m_yan\desktop\мэи\vi семестр\vi - практика\task1_api7\task1_api7\x64\release\ksconstants3d.tlh
c:\users\m_yan\desktop\мэи\vi семестр\vi - практика\task1_api7\task1_api7\x64\release\task1_api7.tlog\cl.command.1.tlog
c:\users\m_yan\desktop\мэи\vi семестр\vi - практика\task1_api7\task1_api7\x64\release\task1_api7.tlog\cl.items.tlog
c:\users\m_yan\desktop\мэи\vi семестр\vi - практика\task1_api7\task1_api7\x64\release\task1_api7.tlog\cl.read.1.tlog
c:\users\m_yan\desktop\мэи\vi семестр\vi - практика\task1_api7\task1_api7\x64\release\task1_api7.tlog\cl.write.1.tlog
c:\users\m_yan\desktop\мэи\vi семестр\vi - практика\task1_api7\task1_api7\x64\release\task1_api7.tlog\link.command.1.tlog
c:\users\m_yan\desktop\мэи\vi семестр\vi - практика\task1_api7\task1_api7\x64\release\task1_api7.tlog\link.read.1.tlog
c:\users\m_yan\desktop\мэи\vi семестр\vi - практика\task1_api7\task1_api7\x64\release\task1_api7.tlog\link.secondary.1.tlog
c:\users\m_yan\desktop\мэи\vi семестр\vi - практика\task1_api7\task1_api7\x64\release\task1_api7.tlog\link.write.1.tlog
c:\users\m_yan\desktop\мэи\vi семестр\vi - практика\task1_api7\task1_api7\x64\release\task1_api7.tlog\rc.command.1.tlog
c:\users\m_yan\desktop\мэи\vi семестр\vi - практика\task1_api7\task1_api7\x64\release\task1_api7.tlog\rc.read.1.tlog
c:\users\m_yan\desktop\мэи\vi семестр\vi - практика\task1_api7\task1_api7\x64\release\task1_api7.tlog\rc.write.1.tlog
c:\users\m_yan\desktop\мэи\vi семестр\vi - практика\task1_api7\task1_api7\x64\release\task1_api7.tlog\task1_api7.write.1u.tlog
